TN:
SF:/Users/renancorrea/Development/token-rewards/lib/openzeppelin-contracts/contracts/access/AccessControl.sol
DA:1,0
DA:57,3
DA:64,25
DA:69,6
DA:70,21
DA:76,14
DA:77,90
DA:84,3
DA:85,9
DA:92,4
DA:93,9
DA:94,0
DA:104,0
DA:105,0
DA:120,0
DA:121,0
DA:135,0
DA:136,0
DA:155,0
DA:156,0
DA:157,0
DA:160,0
DA:181,8
DA:182,12
DA:183,53
DA:184,24
DA:185,5
DA:187,0
DA:198,0
DA:199,0
DA:200,0
DA:201,0
DA:202,0
DA:204,0
end_of_record

SF:/Users/renancorrea/Development/token-rewards/lib/openzeppelin-contracts/contracts/access/IAccessControl.sol
end_of_record

SF:/Users/renancorrea/Development/token-rewards/lib/openzeppelin-contracts/contracts/interfaces/draft-IERC6093.sol
end_of_record

SF:/Users/renancorrea/Development/token-rewards/lib/openzeppelin-contracts/contracts/token/ERC1155/ERC1155.sol
DA:33,1
DA:34,9
DA:38,6
DA:39,2
DA:40,19
DA:41,9
DA:42,5
DA:55,0
DA:56,0
DA:60,40
DA:61,34
DA:71,0
DA:74,0
DA:75,0
DA:76,0
DA:79,0
DA:81,0
DA:82,0
DA:85,0
DA:89,0
DA:90,0
DA:94,0
DA:95,0
DA:99,26
DA:100,9
DA:101,9
DA:105,0
DA:112,0
DA:113,0
DA:117,4
DA:118,17
DA:119,0
DA:137,7
DA:138,8
DA:139,0
DA:142,7
DA:144,23
DA:145,14
DA:146,14
DA:148,11
DA:149,35
DA:150,7
DA:151,0
DA:155,38
DA:159,10
DA:160,49
DA:164,12
DA:165,14
DA:166,14
DA:167,28
DA:169,28
DA:204,8
DA:212,8
DA:213,11
DA:214,7
DA:215,6
DA:216,0
DA:217,2
DA:218,14
DA:219,14
DA:220,10
DA:237,9
DA:238,10
DA:239,0
DA:241,10
DA:242,0
DA:244,12
DA:245,10
DA:259,0
DA:266,0
DA:267,0
DA:269,0
DA:270,0
DA:272,0
DA:294,3
DA:295,11
DA:309,8
DA:310,10
DA:311,0
DA:313,12
DA:314,10
DA:346,7
DA:347,10
DA:348,0
DA:350,12
DA:351,21
DA:365,5
DA:366,10
DA:367,0
DA:369,21
DA:382,0
DA:383,0
DA:384,0
DA:386,0
DA:387,0
DA:389,0
DA:390,0
DA:396,7
DA:399,2
DA:402,4
DA:404,3
DA:406,5
DA:409,5
DA:410,3
DA:411,5
DA:414,5
end_of_record

SF:/Users/renancorrea/Development/token-rewards/lib/openzeppelin-contracts/contracts/token/ERC1155/IERC1155.sol
end_of_record

SF:/Users/renancorrea/Development/token-rewards/lib/openzeppelin-contracts/contracts/token/ERC1155/IERC1155Receiver.sol
end_of_record

SF:/Users/renancorrea/Development/token-rewards/lib/openzeppelin-contracts/contracts/token/ERC1155/extensions/ERC1155Burnable.sol
DA:13,24
DA:14,20
DA:15,0
DA:18,7
DA:21,24
DA:22,20
DA:23,0
DA:26,7
end_of_record

SF:/Users/renancorrea/Development/token-rewards/lib/openzeppelin-contracts/contracts/token/ERC1155/extensions/ERC1155Pausable.sol
DA:30,6
DA:36,8
end_of_record

SF:/Users/renancorrea/Development/token-rewards/lib/openzeppelin-contracts/contracts/token/ERC1155/extensions/ERC1155Supply.sol
DA:31,39
DA:32,17
DA:38,0
DA:39,0
DA:45,0
DA:46,0
DA:50,6
DA:56,8
DA:58,11
DA:59,4
DA:60,22
DA:61,14
DA:63,42
DA:64,10
DA:67,19
DA:70,11
DA:71,4
DA:72,22
DA:73,14
DA:77,37
DA:79,5
DA:84,14
end_of_record

SF:/Users/renancorrea/Development/token-rewards/lib/openzeppelin-contracts/contracts/token/ERC1155/extensions/IERC1155MetadataURI.sol
end_of_record

SF:/Users/renancorrea/Development/token-rewards/lib/openzeppelin-contracts/contracts/token/ERC1155/utils/ERC1155Utils.sol
DA:16,0
DA:25,8
DA:33,10
DA:34,80
DA:35,14
DA:37,0
DA:40,0
DA:42,0
DA:45,0
DA:60,0
DA:68,0
DA:69,0
DA:72,0
DA:74,0
DA:77,0
DA:79,0
DA:82,0
end_of_record

SF:/Users/renancorrea/Development/token-rewards/lib/openzeppelin-contracts/contracts/utils/Arrays.sol
DA:15,0
DA:784,0
DA:786,0
DA:806,7
DA:808,10
end_of_record

SF:/Users/renancorrea/Development/token-rewards/lib/openzeppelin-contracts/contracts/utils/Comparators.sol
DA:11,0
end_of_record

SF:/Users/renancorrea/Development/token-rewards/lib/openzeppelin-contracts/contracts/utils/Context.sol
DA:17,8
DA:18,6
end_of_record

SF:/Users/renancorrea/Development/token-rewards/lib/openzeppelin-contracts/contracts/utils/Panic.sol
DA:26,0
DA:32,0
DA:34,0
DA:50,0
DA:52,0
DA:53,0
DA:54,0
end_of_record

SF:/Users/renancorrea/Development/token-rewards/lib/openzeppelin-contracts/contracts/utils/Pausable.sol
DA:48,8
DA:60,4
DA:67,24
DA:68,13
DA:74,2
DA:75,8
DA:76,14
DA:83,2
DA:84,7
DA:85,0
DA:96,2
DA:97,21
DA:98,20
DA:108,2
DA:109,21
DA:110,20
end_of_record

SF:/Users/renancorrea/Development/token-rewards/lib/openzeppelin-contracts/contracts/utils/SlotDerivation.sol
DA:41,0
end_of_record

SF:/Users/renancorrea/Development/token-rewards/lib/openzeppelin-contracts/contracts/utils/StorageSlot.sol
DA:34,0
end_of_record

SF:/Users/renancorrea/Development/token-rewards/lib/openzeppelin-contracts/contracts/utils/introspection/ERC165.sol
DA:22,6
DA:23,11
end_of_record

SF:/Users/renancorrea/Development/token-rewards/lib/openzeppelin-contracts/contracts/utils/introspection/IERC165.sol
end_of_record

SF:/Users/renancorrea/Development/token-rewards/lib/openzeppelin-contracts/contracts/utils/math/Math.sol
DA:12,0
DA:37,9
DA:41,1
DA:42,5
DA:43,5
DA:44,9
DA:143,0
DA:148,0
DA:206,9
DA:208,12
DA:211,5
DA:215,13
DA:219,0
DA:220,0
DA:228,0
DA:231,0
DA:234,0
DA:235,0
DA:241,0
DA:244,0
DA:247,0
DA:250,0
DA:254,0
DA:259,0
DA:263,0
DA:264,0
DA:265,0
DA:266,0
DA:267,0
DA:268,0
DA:274,0
DA:275,0
end_of_record

SF:/Users/renancorrea/Development/token-rewards/lib/openzeppelin-contracts/contracts/utils/math/SafeCast.sol
DA:19,0
DA:1157,0
DA:1159,0
end_of_record

SF:/Users/renancorrea/Development/token-rewards/src/TokenRewards.sol
DA:23,199
DA:63,3
DA:66,2
DA:69,6
DA:72,1
DA:89,33
DA:90,12
DA:91,10
DA:92,10
DA:98,11
DA:99,4
DA:103,11
DA:104,4
DA:112,24
DA:116,10
DA:117,6
DA:119,18
DA:121,20
DA:127,26
DA:130,1
DA:131,7
DA:132,6
DA:133,9
DA:134,26
DA:136,24
DA:137,27
DA:138,18
DA:139,10
DA:140,6
DA:141,18
DA:142,20
DA:150,23
DA:152,2
DA:153,4
DA:154,6
DA:156,8
DA:157,6
DA:159,7
DA:160,6
DA:162,25
DA:163,29
DA:164,8
DA:165,10
DA:167,7
DA:168,18
DA:172,19
DA:178,24
DA:179,78
DA:183,24
DA:184,7
DA:190,39
DA:191,30
DA:197,38
DA:199,1
DA:200,7
DA:205,6
DA:211,8
DA:213,23
DA:214,19
DA:215,25
DA:216,5
DA:218,47
DA:219,5
DA:228,3
DA:229,38
DA:230,27
DA:231,50
DA:235,6
DA:236,31
DA:238,22
DA:239,15
DA:241,7
DA:242,29
DA:243,36
DA:244,23
DA:247,33
DA:248,30
DA:249,21
end_of_record

SF:/Users/renancorrea/Development/token-rewards/test/echidna/TokenRewardsEchidna.sol
DA:10,73
DA:11,0
DA:12,0
DA:14,32
DA:15,21
DA:16,21
DA:19,0
DA:20,0
DA:23,23
DA:24,73
DA:27,25
DA:28,77
DA:31,24
DA:32,75
DA:35,44
DA:36,5
DA:39,0
DA:40,0
DA:51,231
DA:62,21
DA:63,6
DA:65,7
DA:66,50
DA:68,62
DA:69,62
DA:70,62
DA:72,31
DA:73,31
DA:74,31
DA:79,22
DA:80,17
DA:81,82
DA:84,22
DA:85,17
DA:86,82
DA:89,22
DA:90,17
DA:91,82
DA:96,25
DA:97,17
DA:98,17
DA:100,50
DA:101,36
DA:102,36
DA:104,50
DA:105,20
DA:106,20
DA:108,72
DA:111,26
DA:112,17
DA:113,17
DA:114,17
DA:116,50
DA:117,36
DA:118,36
DA:119,36
DA:121,50
DA:122,20
DA:123,20
DA:124,20
DA:126,72
DA:131,22
DA:132,17
DA:133,158
DA:134,70
DA:140,23
DA:141,90
DA:142,7
DA:143,17
DA:144,71
DA:148,23
DA:149,90
DA:150,7
DA:151,17
DA:152,71
DA:156,9
DA:157,90
DA:158,7
DA:159,71
DA:163,9
DA:164,90
DA:165,7
DA:166,71
DA:170,23
DA:171,90
DA:172,7
DA:173,17
DA:174,71
DA:178,25
DA:179,90
DA:180,90
DA:181,18
DA:182,17
DA:183,17
DA:185,50
DA:186,19
DA:187,19
DA:189,50
DA:190,20
DA:191,20
DA:193,72
DA:199,23
DA:200,90
DA:201,7
DA:202,17
DA:203,83
DA:207,23
DA:208,90
DA:209,7
DA:210,17
DA:211,83
DA:215,23
DA:216,90
DA:217,7
DA:218,17
DA:219,83
DA:223,23
DA:224,90
DA:225,7
DA:226,17
DA:227,83
DA:231,9
DA:232,90
DA:233,7
DA:234,83
DA:238,9
DA:239,90
DA:240,7
DA:241,83
DA:247,10
DA:248,50
DA:249,36
DA:250,36
DA:252,50
DA:253,20
DA:256,64
DA:261,8
DA:262,74
DA:263,70
DA:264,87
DA:265,87
DA:266,87
DA:267,77
DA:272,8
DA:273,72
DA:274,55
DA:278,8
DA:279,73
DA:280,55
DA:287,0
DA:288,0
DA:289,0
DA:290,0
DA:291,0
DA:292,0
DA:293,0
DA:297,0
DA:298,0
DA:299,0
DA:300,0
DA:301,0
DA:305,0
DA:306,0
DA:307,0
DA:308,0
DA:309,0
DA:310,0
DA:314,0
DA:315,0
DA:316,0
DA:317,0
DA:318,0
DA:319,0
DA:323,0
DA:324,0
DA:328,0
DA:329,0
DA:330,0
DA:331,0
DA:332,0
DA:336,0
DA:337,0
DA:342,44
DA:343,5
DA:346,46
DA:347,5
end_of_record

